Copyright 1986-2020 Xilinx, Inc. All Rights Reserved.
------------------------------------------------------------------------------------
| Tool Version : Vivado v.2020.2 (lin64) Build 3064766 Wed Nov 18 09:12:47 MST 2020
| Date         : Wed Jun 29 17:20:59 2022
| Host         : ubuntu running 64-bit Ubuntu 18.04.6 LTS
| Command      : upgrade_ip
| Device       : xc7z030fbg676-2
------------------------------------------------------------------------------------

Upgrade Log for IP 'design_1_HBIRD_E203_0_0'

1. Summary
----------

SUCCESS in the upgrade of design_1_HBIRD_E203_0_0 (HBIRD_E203:user:HBIRD_E203:1.0) from (Rev. 3) to (Rev. 4)






Copyright 1986-2020 Xilinx, Inc. All Rights Reserved.
------------------------------------------------------------------------------------
| Tool Version : Vivado v.2020.2 (lin64) Build 3064766 Wed Nov 18 09:12:47 MST 2020
| Date         : Wed Jun 29 17:13:30 2022
| Host         : ubuntu running 64-bit Ubuntu 18.04.6 LTS
| Command      : upgrade_ip
| Device       : xc7z030fbg676-2
------------------------------------------------------------------------------------

Upgrade Log for IP 'design_1_HBIRD_E203_0_0'

1. Summary
----------

SUCCESS in the upgrade of design_1_HBIRD_E203_0_0 (HBIRD_E203:user:HBIRD_E203:1.0) from (Rev. 2) to (Rev. 3)






Copyright 1986-2020 Xilinx, Inc. All Rights Reserved.
------------------------------------------------------------------------------------
| Tool Version : Vivado v.2020.2 (lin64) Build 3064766 Wed Nov 18 09:12:47 MST 2020
| Date         : Wed Jun 29 16:15:23 2022
| Host         : ubuntu running 64-bit Ubuntu 18.04.6 LTS
| Command      : upgrade_ip
| Device       : xc7z030fbg676-2
------------------------------------------------------------------------------------

Upgrade Log for IP 'design_1_HBIRD_E203_0_0'

1. Summary
----------

SUCCESS in the upgrade of design_1_HBIRD_E203_0_0 (HBIRD_E203:user:HBIRD_E203:1.0) from (Rev. 1) to (Rev. 2)






Copyright 1986-2020 Xilinx, Inc. All Rights Reserved.
------------------------------------------------------------------------------------
| Tool Version : Vivado v.2020.2 (lin64) Build 3064766 Wed Nov 18 09:12:47 MST 2020
| Date         : Wed Jun 29 15:07:43 2022
| Host         : ubuntu running 64-bit Ubuntu 18.04.6 LTS
| Command      : upgrade_ip
| Device       : xc7z030fbg676-2
------------------------------------------------------------------------------------

Upgrade Log for IP 'design_1_HBIRD_E203_0_0'

1. Summary
----------

SUCCESS in the conversion of design_1_HBIRD_E203_0_0 (HBIRD_E203:user:HBIRD_E203:1.0 (Rev. 1)) to Vivado generation flows.






Copyright 1986-2020 Xilinx, Inc. All Rights Reserved.
------------------------------------------------------------------------------------
| Tool Version : Vivado v.2020.2 (lin64) Build 3064766 Wed Nov 18 09:12:47 MST 2020
| Date         : Wed Jun 29 15:01:52 2022
| Host         : ubuntu running 64-bit Ubuntu 18.04.6 LTS
| Command      : upgrade_ip
| Device       : xc7z030fbg676-2
------------------------------------------------------------------------------------

Upgrade Log for IP 'design_1_HBIRD_E203_0_0'

1. Summary
----------

CAUTION (success, with warnings) in the conversion of design_1_HBIRD_E203_0_0 (HBIRD_E203:user:HBIRD_E203:1.0 (Rev. 1)) to Vivado generation flows.

2. Interface Information
------------------------

Detected external interface differences while upgrading 'design_1_HBIRD_E203_0_0'.


-Upgrade has added interface 'clk16M_o' (xilinx.com:signal:clock:1.0)

-Upgrade has added interface 'slwclk_o' (xilinx.com:signal:clock:1.0)







Copyright 1986-2020 Xilinx, Inc. All Rights Reserved.
------------------------------------------------------------------------------------
| Tool Version : Vivado v.2020.2 (lin64) Build 3064766 Wed Nov 18 09:12:47 MST 2020
| Date         : Wed Jun 29 13:36:26 2022
| Host         : ubuntu running 64-bit Ubuntu 18.04.6 LTS
| Command      : upgrade_ip
| Device       : xc7z030fbg676-2
------------------------------------------------------------------------------------

Upgrade Log for IP 'design_1_HBIRD_E203_0_0'

1. Summary
----------

SUCCESS in the conversion of design_1_HBIRD_E203_0_0 (HBIRD_E203:user:HBIRD_E203:1.0 (Rev. 1)) to Vivado generation flows.






Copyright 1986-2020 Xilinx, Inc. All Rights Reserved.
------------------------------------------------------------------------------------
| Tool Version : Vivado v.2020.2 (lin64) Build 3064766 Wed Nov 18 09:12:47 MST 2020
| Date         : Fri Jun 24 14:27:42 2022
| Host         : ubuntu running 64-bit Ubuntu 18.04.6 LTS
| Command      : upgrade_ip
| Device       : xc7z030fbg676-2
------------------------------------------------------------------------------------

Upgrade Log for IP 'design_1_HBIRD_E203_0_0'

1. Summary
----------

SUCCESS in the conversion of design_1_HBIRD_E203_0_0 (HBIRD_E203:user:HBIRD_E203:1.0 (Rev. 1)) to Vivado generation flows.






Copyright 1986-2020 Xilinx, Inc. All Rights Reserved.
------------------------------------------------------------------------------------
| Tool Version : Vivado v.2020.2 (lin64) Build 3064766 Wed Nov 18 09:12:47 MST 2020
| Date         : Fri Jun 24 10:23:20 2022
| Host         : ubuntu running 64-bit Ubuntu 18.04.6 LTS
| Command      : upgrade_ip
| Device       : xc7z030fbg676-2
------------------------------------------------------------------------------------

Upgrade Log for IP 'design_1_HBIRD_E203_0_0'

1. Summary
----------

SUCCESS in the conversion of design_1_HBIRD_E203_0_0 (HBIRD_E203:user:HBIRD_E203:1.0 (Rev. 1)) to Vivado generation flows.






Copyright 1986-2020 Xilinx, Inc. All Rights Reserved.
------------------------------------------------------------------------------------
| Tool Version : Vivado v.2020.2 (lin64) Build 3064766 Wed Nov 18 09:12:47 MST 2020
| Date         : Thu Jun 23 17:42:07 2022
| Host         : ubuntu running 64-bit Ubuntu 18.04.6 LTS
| Command      : upgrade_ip
| Device       : xc7z030fbg676-2
------------------------------------------------------------------------------------

Upgrade Log for IP 'design_1_HBIRD_E203_0_0'

1. Summary
----------

SUCCESS in the conversion of design_1_HBIRD_E203_0_0 (HBIRD_E203:user:HBIRD_E203:1.0 (Rev. 1)) to Vivado generation flows.






Copyright 1986-2020 Xilinx, Inc. All Rights Reserved.
------------------------------------------------------------------------------------
| Tool Version : Vivado v.2020.2 (lin64) Build 3064766 Wed Nov 18 09:12:47 MST 2020
| Date         : Thu Jun 23 17:01:48 2022
| Host         : ubuntu running 64-bit Ubuntu 18.04.6 LTS
| Command      : upgrade_ip
| Device       : xc7z030fbg676-2
------------------------------------------------------------------------------------

Upgrade Log for IP 'design_1_HBIRD_E203_0_0'

1. Summary
----------

SUCCESS in the conversion of design_1_HBIRD_E203_0_0 (HBIRD_E203:user:HBIRD_E203:1.0 (Rev. 1)) to Vivado generation flows.






Copyright 1986-2020 Xilinx, Inc. All Rights Reserved.
------------------------------------------------------------------------------------
| Tool Version : Vivado v.2020.2 (lin64) Build 3064766 Wed Nov 18 09:12:47 MST 2020
| Date         : Thu Jun 23 16:12:55 2022
| Host         : ubuntu running 64-bit Ubuntu 18.04.6 LTS
| Command      : upgrade_ip
| Device       : xc7z030fbg676-2
------------------------------------------------------------------------------------

Upgrade Log for IP 'design_1_HBIRD_E203_0_0'

1. Summary
----------

SUCCESS in the conversion of design_1_HBIRD_E203_0_0 (HBIRD_E203:user:HBIRD_E203:1.0 (Rev. 1)) to Vivado generation flows.






Copyright 1986-2020 Xilinx, Inc. All Rights Reserved.
------------------------------------------------------------------------------------
| Tool Version : Vivado v.2020.2 (lin64) Build 3064766 Wed Nov 18 09:12:47 MST 2020
| Date         : Thu Jun 23 14:00:41 2022
| Host         : ubuntu running 64-bit Ubuntu 18.04.6 LTS
| Command      : upgrade_ip
| Device       : xc7z030fbg676-2
------------------------------------------------------------------------------------

Upgrade Log for IP 'design_1_HBIRD_E203_0_0'

1. Summary
----------

SUCCESS in the conversion of design_1_HBIRD_E203_0_0 (HBIRD_E203:user:HBIRD_E203:1.0 (Rev. 1)) to Vivado generation flows.






Copyright 1986-2020 Xilinx, Inc. All Rights Reserved.
------------------------------------------------------------------------------------
| Tool Version : Vivado v.2020.2 (lin64) Build 3064766 Wed Nov 18 09:12:47 MST 2020
| Date         : Thu Jun 23 10:52:18 2022
| Host         : ubuntu running 64-bit Ubuntu 18.04.6 LTS
| Command      : upgrade_ip
| Device       : xc7z030fbg676-2
------------------------------------------------------------------------------------

Upgrade Log for IP 'design_1_HBIRD_E203_0_0'

1. Summary
----------

SUCCESS in the conversion of design_1_HBIRD_E203_0_0 (HBIRD_E203:user:HBIRD_E203:1.0 (Rev. 1)) to Vivado generation flows.






Copyright 1986-2020 Xilinx, Inc. All Rights Reserved.
------------------------------------------------------------------------------------
| Tool Version : Vivado v.2020.2 (lin64) Build 3064766 Wed Nov 18 09:12:47 MST 2020
| Date         : Wed Jun 22 17:42:48 2022
| Host         : ubuntu running 64-bit Ubuntu 18.04.6 LTS
| Command      : upgrade_ip
| Device       : xc7z030fbg676-2
------------------------------------------------------------------------------------

Upgrade Log for IP 'design_1_HBIRD_E203_0_0'

1. Summary
----------

SUCCESS in the conversion of design_1_HBIRD_E203_0_0 (HBIRD_E203:user:HBIRD_E203:1.0 (Rev. 1)) to Vivado generation flows.






Copyright 1986-2020 Xilinx, Inc. All Rights Reserved.
------------------------------------------------------------------------------------
| Tool Version : Vivado v.2020.2 (lin64) Build 3064766 Wed Nov 18 09:12:47 MST 2020
| Date         : Tue Jun 21 16:58:09 2022
| Host         : ubuntu running 64-bit Ubuntu 18.04.6 LTS
| Command      : upgrade_ip
| Device       : xc7z030fbg676-2
------------------------------------------------------------------------------------

Upgrade Log for IP 'design_1_system_0_1'

1. Summary
----------

SUCCESS in the conversion of design_1_system_0_1 (Hbird:user:system:1.0 (Rev. 1)) to Vivado generation flows.






Copyright 1986-2020 Xilinx, Inc. All Rights Reserved.
------------------------------------------------------------------------------------
| Tool Version : Vivado v.2020.2 (lin64) Build 3064766 Wed Nov 18 09:12:47 MST 2020
| Date         : Tue Jun 21 15:18:52 2022
| Host         : ubuntu running 64-bit Ubuntu 18.04.6 LTS
| Command      : upgrade_ip
| Device       : xc7z030fbg676-2
------------------------------------------------------------------------------------

Upgrade Log for IP 'design_1_system_0_0'

1. Summary
----------

CAUTION (success, with warnings) in the upgrade of design_1_system_0_0 from user.org:user:system:1.0 (Rev. 2) to HBird:user:Hbird_E203:1.0 (Rev. 1)

After upgrade, an IP may have parameter and port differences compared to the original customization. Please review the parameters within the IP customization GUI to ensure proper functionality. Also, please review the updated IP instantiation template to ensure proper connectivity, and update your design if required.

2. Connection Warnings
----------------------

Detected external port differences while upgrading 'design_1_system_0_0'. These changes may impact your design.


-Upgrade has added port 'clk16M'

-Upgrade has added port 'slwclk'


